<?xml version="1.0" encoding="UTF-8"?>
<testng-results ignored="0" total="2" passed="2" failed="0" skipped="0">
  <reporter-output>
  </reporter-output>
  <suite started-at="2026-05-29T12:00:29 IST" name="Default suite" finished-at="2026-05-29T12:00:41 IST" duration-ms="12690">
    <groups>
    </groups>
    <test started-at="2026-05-29T12:00:29 IST" name="Default test" finished-at="2026-05-29T12:00:41 IST" duration-ms="12690">
      <class name="com.DataDriven">
        <test-method is-config="true" signature="openBrowser()[pri:0, instance:com.DataDriven@55fe41ea]" started-at="2026-05-29T12:00:29 IST" name="openBrowser" finished-at="2026-05-29T12:00:33 IST" duration-ms="3843" status="PASS">
          <reporter-output>
          </reporter-output>
        </test-method> <!-- openBrowser -->
        <test-method signature="logintest(java.lang.String,java.lang.String)[pri:0, instance:com.DataDriven@55fe41ea]" started-at="2026-05-29T12:00:33 IST" name="logintest" data-provider="dp" finished-at="2026-05-29T12:00:37 IST" duration-ms="3338" status="PASS">
          <params>
            <param index="0">
              <value>
                <![CDATA[user1@gmail.com]]>
              </value>
            </param>
            <param index="1">
              <value>
                <![CDATA[user@123]]>
              </value>
            </param>
          </params>
          <reporter-output>
          </reporter-output>
        </test-method> <!-- logintest -->
        <test-method is-config="true" signature="openBrowser()[pri:0, instance:com.DataDriven@55fe41ea]" started-at="2026-05-29T12:00:37 IST" name="openBrowser" finished-at="2026-05-29T12:00:38 IST" duration-ms="1469" status="PASS">
          <reporter-output>
          </reporter-output>
        </test-method> <!-- openBrowser -->
        <test-method signature="logintest(java.lang.String,java.lang.String)[pri:0, instance:com.DataDriven@55fe41ea]" started-at="2026-05-29T12:00:38 IST" name="logintest" data-provider="dp" finished-at="2026-05-29T12:00:41 IST" duration-ms="3364" status="PASS">
          <params>
            <param index="0">
              <value>
                <![CDATA[user2@gmail.com]]>
              </value>
            </param>
            <param index="1">
              <value>
                <![CDATA[user2@123]]>
              </value>
            </param>
          </params>
          <reporter-output>
          </reporter-output>
        </test-method> <!-- logintest -->
      </class> <!-- com.DataDriven -->
    </test> <!-- Default test -->
  </suite> <!-- Default suite -->
</testng-results>
