<?xml version="1.0" encoding="UTF-8"?>
<!-- Generated by org.testng.reporters.JUnitXMLReporter -->
<testsuite ignored="20" hostname="DESKTOP-ID316MU" failures="0" tests="1" name="Test1" time="0.004" errors="0" timestamp="2026-05-25T11:11:39 IST">
  <testcase classname="ecomm.Product" name="searchProduct" time="0.001"/>
  <testcase classname="ecomm.Payment" name="creditCard" time="0.0">
    <ignored/>
  </testcase> <!-- creditCard -->
  <testcase classname="ecomm.Customer" name="logout" time="0.0">
    <ignored/>
  </testcase> <!-- logout -->
  <testcase classname="ecomm.Cart" name="removeFromCart" time="0.0">
    <ignored/>
  </testcase> <!-- removeFromCart -->
  <testcase classname="ecomm.Cart" name="addtocart" time="0.0">
    <ignored/>
  </testcase> <!-- addtocart -->
  <testcase classname="ecomm.Seller" name="profileMange" time="0.0">
    <ignored/>
  </testcase> <!-- profileMange -->
  <testcase classname="ecomm.Seller" name="createAccount" time="0.0">
    <ignored/>
  </testcase> <!-- createAccount -->
  <testcase classname="ecomm.Product" name="manageProduct" time="0.0">
    <ignored/>
  </testcase> <!-- manageProduct -->
  <testcase classname="ecomm.Seller" name="login" time="0.0">
    <ignored/>
  </testcase> <!-- login -->
  <testcase classname="ecomm.Payment" name="debitCart" time="0.0">
    <ignored/>
  </testcase> <!-- debitCart -->
  <testcase classname="ecomm.Customer" name="profileMange" time="0.0">
    <ignored/>
  </testcase> <!-- profileMange -->
  <testcase classname="ecomm.Customer" name="createAccount" time="0.0">
    <ignored/>
  </testcase> <!-- createAccount -->
  <testcase classname="ecomm.Product" name="uploadProduct" time="0.0">
    <ignored/>
  </testcase> <!-- uploadProduct -->
  <testcase classname="ecomm.Customer" name="login" time="0.0">
    <ignored/>
  </testcase> <!-- login -->
  <testcase classname="ecomm.Seller" name="changePassword" time="0.0">
    <ignored/>
  </testcase> <!-- changePassword -->
  <testcase classname="ecomm.Customer" name="changePassword" time="0.0">
    <ignored/>
  </testcase> <!-- changePassword -->
  <testcase classname="ecomm.Cart" name="manageCart" time="0.0">
    <ignored/>
  </testcase> <!-- manageCart -->
  <testcase classname="ecomm.Product" name="filterProduct" time="0.0">
    <ignored/>
  </testcase> <!-- filterProduct -->
  <testcase classname="ecomm.Seller" name="logout" time="0.0">
    <ignored/>
  </testcase> <!-- logout -->
  <testcase classname="ecomm.Payment" name="UPI" time="0.0">
    <ignored/>
  </testcase> <!-- UPI -->
  <testcase classname="ecomm.Product" name="removeProduct" time="0.0">
    <ignored/>
  </testcase> <!-- removeProduct -->
</testsuite> <!-- Test1 -->
