<?xml version="1.0" encoding="UTF-8"?>
<!-- Generated by org.testng.reporters.JUnitReportReporter -->
<testsuite hostname="DESKTOP-ID316MU" failures="0" tests="3" name="com.testng.P004_Depedemcy" time="0.012" errors="0" timestamp="2026-05-15T11:31:24 IST" skipped="0">
  <testcase classname="com.testng.P004_Depedemcy" name="createAccount" time="0.009"/>
  <testcase classname="com.testng.P004_Depedemcy" name="login" time="0.001"/>
  <testcase classname="com.testng.P004_Depedemcy" name="changePassword" time="0.002"/>
</testsuite> <!-- com.testng.P004_Depedemcy -->
