<?xml version="1.0" encoding="UTF-8"?>
<!-- Generated by org.testng.reporters.JUnitReportReporter -->
<testsuite hostname="DESKTOP-ID316MU" failures="0" tests="4" name="ecomm.Customer" time="0.011" errors="0" timestamp="2026-05-22T10:58:39 IST" skipped="0">
  <testcase classname="ecomm.Customer" name="login" time="0.001"/>
  <testcase classname="ecomm.Customer" name="logout" time="0.001"/>
  <testcase classname="ecomm.Customer" name="createAccount" time="0.007"/>
  <testcase classname="ecomm.Customer" name="profileMange" time="0.002"/>
</testsuite> <!-- ecomm.Customer -->
