<?xml version="1.0" encoding="UTF-8"?>
<!-- Generated by org.testng.reporters.JUnitReportReporter -->
<testsuite hostname="DESKTOP-ID316MU" failures="0" tests="5" name="ecomm.Seller" time="0.005" errors="0" timestamp="2026-05-22T10:58:39 IST" skipped="0">
  <testcase classname="ecomm.Seller" name="createAccount" time="0.001"/>
  <testcase classname="ecomm.Seller" name="changePassword" time="0.001"/>
  <testcase classname="ecomm.Seller" name="login" time="0.001"/>
  <testcase classname="ecomm.Seller" name="profileMange" time="0.001"/>
  <testcase classname="ecomm.Seller" name="logout" time="0.001"/>
</testsuite> <!-- ecomm.Seller -->
