<?xml version="1.0" encoding="UTF-8"?>
<!-- Generated by org.testng.reporters.JUnitReportReporter -->
<testsuite hostname="DESKTOP-ID316MU" failures="0" tests="5" name="ecomm.Product" time="0.004" errors="0" timestamp="2026-05-22T10:58:39 IST" skipped="0">
  <testcase classname="ecomm.Product" name="filterProduct" time="0.001"/>
  <testcase classname="ecomm.Product" name="removeProduct" time="0.000"/>
  <testcase classname="ecomm.Product" name="manageProduct" time="0.001"/>
  <testcase classname="ecomm.Product" name="searchProduct" time="0.001"/>
  <testcase classname="ecomm.Product" name="uploadProduct" time="0.001"/>
</testsuite> <!-- ecomm.Product -->
