<?xml version="1.0" encoding="UTF-8"?>
<!-- Generated by org.testng.reporters.JUnitReportReporter -->
<testsuite hostname="DESKTOP-ID316MU" failures="0" tests="3" name="com.testng.P001_First" time="0.014" errors="0" timestamp="2026-05-15T11:17:43 IST" skipped="0">
  <testcase classname="com.testng.P001_First" name="test3" time="0.001"/>
  <testcase classname="com.testng.P001_First" name="test2" time="0.002"/>
  <testcase classname="com.testng.P001_First" name="test1" time="0.011"/>
</testsuite> <!-- com.testng.P001_First -->
