<?xml version="1.0" encoding="UTF-8"?>
<!-- Generated by org.testng.reporters.JUnitReportReporter -->
<testsuite hostname="DESKTOP-ID316MU" failures="0" tests="6" name="com.testng.P002_Priority" time="0.015" errors="0" timestamp="2026-05-15T11:30:21 IST" skipped="1">
  <testcase classname="com.testng.P002_Priority" name="createAccount" time="0.010"/>
  <testcase classname="com.testng.P002_Priority" name="login" time="0.001"/>
  <testcase classname="com.testng.P002_Priority" name="changePassword" time="0.001"/>
  <testcase classname="com.testng.P002_Priority" name="profileManage" time="0.001"/>
  <testcase classname="com.testng.P002_Priority" name="logout" time="0.002"/>
  <testcase classname="com.testng.P002_Priority" name="forgotpassword">
    <skipped/>
  </testcase> <!-- forgotpassword -->
</testsuite> <!-- com.testng.P002_Priority -->
